0x55557000:	0x7f	0x45	0x4c	0x46	0x01	0x01	0x01	0x00
0x55557008:	0x00	0x00	0x00	0x00	0x00	0x00	0x00	0x00
0x55557010:	0x03	0x00	0x03	0x00	0x01	0x00	0x00	0x00
0x55557018:	0x50	0x0b	0x00	0x00	0x34	0x00	0x00	0x00
0x55557020:	0x30	0x0c	0x00	0x00	0x00	0x00	0x00	0x00
0x55557028:	0x34	0x00	0x20	0x00	0x04	0x00	0x28	0x00
0x55557030:	0x10	0x00	0x0f	0x00	0x01	0x00	0x00	0x00
0x55557038:	0x00	0x00	0x00	0x00	0x00	0x00	0x00	0x00
0x55557040:	0x00	0x00	0x00	0x00	0x64	0x0b	0x00	0x00
0x55557048:	0x64	0x0b	0x00	0x00	0x05	0x00	0x00	0x00
0x55557050:	0x00	0x10	0x00	0x00	0x02	0x00	0x00	0x00
0x55557058:	0x04	0x04	0x00	0x00	0x04	0x04	0x00	0x00
0x55557060:	0x04	0x04	0x00	0x00	0x78	0x00	0x00	0x00
0x55557068:	0x78	0x00	0x00	0x00	0x04	0x00	0x00	0x00
0x55557070:	0x04	0x00	0x00	0x00	0x04	0x00	0x00	0x00
0x55557078:	0x78	0x02	0x00	0x00	0x78	0x02	0x00	0x00
0x55557080:	0x78	0x02	0x00	0x00	0x60	0x00	0x00	0x00
0x55557088:	0x60	0x00	0x00	0x00	0x04	0x00	0x00	0x00
0x55557090:	0x04	0x00	0x00	0x00	0x50	0xe5	0x74	0x64
0x55557098:	0xd8	0x02	0x00	0x00	0xd8	0x02	0x00	0x00
0x555570a0:	0xd8	0x02	0x00	0x00	0x24	0x00	0x00	0x00
0x555570a8:	0x24	0x00	0x00	0x00	0x04	0x00	0x00	0x00
0x555570b0:	0x04	0x00	0x00	0x00	0x03	0x00	0x00	0x00
0x555570b8:	0x09	0x00	0x00	0x00	0x08	0x00	0x00	0x00
0x555570c0:	0x00	0x00	0x00	0x00	0x06	0x00	0x00	0x00
0x555570c8:	0x00	0x00	0x00	0x00	0x00	0x00	0x00	0x00
0x555570d0:	0x00	0x00	0x00	0x00	0x01	0x00	0x00	0x00
0x555570d8:	0x02	0x00	0x00	0x00	0x04	0x00	0x00	0x00
0x555570e0:	0x05	0x00	0x00	0x00	0x03	0x00	0x00	0x00
0x555570e8:	0x07	0x00	0x00	0x00	0x00	0x00	0x00	0x00
0x555570f0:	0x00	0x00	0x00	0x00	0x00	0x00	0x00	0x00
0x555570f8:	0x00	0x00	0x00	0x00	0x81	0x00	0x00	0x00
0x55557100:	0x00	0x00	0x00	0x00	0x00	0x00	0x00	0x00
0x55557108:	0x11	0x00	0xf1	0xff	0x5f	0x00	0x00	0x00
0x55557110:	0x50	0x0b	0x00	0x00	0x14	0x00	0x00	0x00
0x55557118:	0x12	0x00	0x0d	0x00	0x16	0x00	0x00	0x00
0x55557120:	0x00	0x09	0x00	0x00	0xe8	0x01	0x00	0x00
0x55557128:	0x12	0x00	0x0d	0x00	0x8b	0x00	0x00	0x00
0x55557130:	0x00	0x00	0x00	0x00	0x00	0x00	0x00	0x00
0x55557138:	0x11	0x00	0xf1	0xff	0x49	0x00	0x00	0x00
0x55557140:	0x40	0x0b	0x00	0x00	0x08	0x00	0x00	0x00
0x55557148:	0x12	0x00	0x0d	0x00	0x01	0x00	0x00	0x00
0x55557150:	0x70	0x05	0x00	0x00	0x85	0x03	0x00	0x00
0x55557158:	0x12	0x00	0x0d	0x00	0x36	0x00	0x00	0x00
0x55557160:	0x30	0x0b	0x00	0x00	0x09	0x00	0x00	0x00
0x55557168:	0x12	0x00	0x0d	0x00	0x2a	0x00	0x00	0x00
0x55557170:	0xf0	0x0a	0x00	0x00	0x38	0x00	0x00	0x00
0x55557178:	0x12	0x00	0x0d	0x00	0x00	0x5f	0x5f	0x76
0x55557180:	0x64	0x73	0x6f	0x5f	0x63	0x6c	0x6f	0x63
0x55557188:	0x6b	0x5f	0x67	0x65	0x74	0x74	0x69	0x6d
0x55557190:	0x65	0x00	0x5f	0x5f	0x76	0x64	0x73	0x6f
0x55557198:	0x5f	0x67	0x65	0x74	0x74	0x69	0x6d	0x65
0x555571a0:	0x6f	0x66	0x64	0x61	0x79	0x00	0x5f	0x5f
0x555571a8:	0x76	0x64	0x73	0x6f	0x5f	0x74	0x69	0x6d
0x555571b0:	0x65	0x00	0x5f	0x5f	0x6b	0x65	0x72	0x6e
0x555571b8:	0x65	0x6c	0x5f	0x73	0x69	0x67	0x72	0x65
0x555571c0:	0x74	0x75	0x72	0x6e	0x00	0x5f	0x5f	0x6b
0x555571c8:	0x65	0x72	0x6e	0x65	0x6c	0x5f	0x72	0x74
0x555571d0:	0x5f	0x73	0x69	0x67	0x72	0x65	0x74	0x75
0x555571d8:	0x72	0x6e	0x00	0x5f	0x5f	0x6b	0x65	0x72
0x555571e0:	0x6e	0x65	0x6c	0x5f	0x76	0x73	0x79	0x73
0x555571e8:	0x63	0x61	0x6c	0x6c	0x00	0x6c	0x69	0x6e
0x555571f0:	0x75	0x78	0x2d	0x67	0x61	0x74	0x65	0x2e
0x555571f8:	0x73	0x6f	0x2e	0x31	0x00	0x4c	0x49	0x4e
0x55557200:	0x55	0x58	0x5f	0x32	0x2e	0x36	0x00	0x4c
0x55557208:	0x49	0x4e	0x55	0x58	0x5f	0x32	0x2e	0x35
0x55557210:	0x00	0x00	0x00	0x00	0x02	0x00	0x03	0x00
0x55557218:	0x02	0x00	0x03	0x00	0x03	0x00	0x02	0x00
0x55557220:	0x03	0x00	0x02	0x00	0x01	0x00	0x01	0x00
0x55557228:	0x01	0x00	0x01	0x00	0x91	0xf0	0xce	0x0f
0x55557230:	0x14	0x00	0x00	0x00	0x1c	0x00	0x00	0x00
0x55557238:	0x71	0x00	0x00	0x00	0x00	0x00	0x00	0x00
0x55557240:	0x01	0x00	0x00	0x00	0x02	0x00	0x01	0x00
0x55557248:	0xf6	0x75	0xae	0x03	0x14	0x00	0x00	0x00
0x55557250:	0x1c	0x00	0x00	0x00	0x81	0x00	0x00	0x00
0x55557258:	0x00	0x00	0x00	0x00	0x01	0x00	0x00	0x00
0x55557260:	0x03	0x00	0x01	0x00	0xf5	0x75	0xae	0x03
0x55557268:	0x14	0x00	0x00	0x00	0x00	0x00	0x00	0x00
0x55557270:	0x8b	0x00	0x00	0x00	0x00	0x00	0x00	0x00
0x55557278:	0x04	0x00	0x00	0x00	0x14	0x00	0x00	0x00
0x55557280:	0x03	0x00	0x00	0x00	0x47	0x4e	0x55	0x00
0x55557288:	0x82	0x80	0xa5	0xaa	0x0d	0x91	0x1d	0xb1
0x55557290:	0x59	0x87	0xfd	0x84	0x21	0xd5	0x4d	0x03
0x55557298:	0x39	0xc7	0x57	0x83	0x06	0x00	0x00	0x00
0x555572a0:	0x04	0x00	0x00	0x00	0x00	0x00	0x00	0x00
0x555572a8:	0x4c	0x69	0x6e	0x75	0x78	0x00	0x00	0x00
0x555572b0:	0x06	0x0f	0x03	0x00	0x04	0x00	0x00	0x00
0x555572b8:	0x12	0x00	0x00	0x00	0x02	0x00	0x00	0x00
0x555572c0:	0x47	0x4e	0x55	0x00	0x01	0x00	0x00	0x00
0x555572c8:	0x00	0x00	0x00	0x00	0x01	0x6e	0x6f	0x73
0x555572d0:	0x65	0x67	0x6e	0x65	0x67	0x00	0x00	0x00
0x555572d8:	0x01	0x1b	0x03	0x3b	0x20	0x00	0x00	0x00
0x555572e0:	0x03	0x00	0x00	0x00	0x57	0x08	0x00	0x00
0x555572e8:	0x38	0x00	0x00	0x00	0x67	0x08	0x00	0x00
0x555572f0:	0xa4	0x00	0x00	0x00	0x78	0x08	0x00	0x00
0x555572f8:	0x04	0x01	0x00	0x00	0x10	0x00	0x00	0x00
0x55557300:	0x00	0x00	0x00	0x00	0x01	0x7a	0x52	0x53
0x55557308:	0x00	0x01	0x7c	0x08	0x01	0x1b	0x00	0x00
0x55557310:	0x68	0x00	0x00	0x00	0x18	0x00	0x00	0x00
0x55557318:	0x17	0x08	0x00	0x00	0x09	0x00	0x00	0x00
0x55557320:	0x00	0x0f	0x03	0x74	0x20	0x06	0x10	0x00
0x55557328:	0x02	0x74	0x30	0x10	0x01	0x02	0x74	0x2c
0x55557330:	0x10	0x02	0x02	0x74	0x28	0x10	0x03	0x02
0x55557338:	0x74	0x24	0x10	0x05	0x02	0x74	0x1c	0x10
0x55557340:	0x06	0x02	0x74	0x18	0x10	0x07	0x02	0x74
0x55557348:	0x14	0x10	0x08	0x02	0x74	0x3c	0x42	0x0f
0x55557350:	0x03	0x74	0x1c	0x06	0x10	0x00	0x02	0x74
0x55557358:	0x2c	0x10	0x01	0x02	0x74	0x28	0x10	0x02
0x55557360:	0x02	0x74	0x24	0x10	0x03	0x02	0x74	0x20
0x55557368:	0x10	0x05	0x02	0x74	0x18	0x10	0x06	0x02
0x55557370:	0x74	0x14	0x10	0x07	0x02	0x74	0x10	0x10
0x55557378:	0x08	0x02	0x74	0x38	0x44	0x00	0x00	0x00
0x55557380:	0x84	0x00	0x00	0x00	0xbb	0x07	0x00	0x00
0x55557388:	0x08	0x00	0x00	0x00	0x00	0x0f	0x04	0x74
0x55557390:	0xbc	0x01	0x06	0x10	0x00	0x03	0x74	0xcc
0x55557398:	0x01	0x10	0x01	0x03	0x74	0xc8	0x01	0x10
0x555573a0:	0x02	0x03	0x74	0xc4	0x01	0x10	0x03	0x03
0x555573a8:	0x74	0xc0	0x01	0x10	0x05	0x03	0x74	0xb8
0x555573b0:	0x01	0x10	0x06	0x03	0x74	0xb4	0x01	0x10
0x555573b8:	0x07	0x03	0x74	0xb0	0x01	0x10	0x08	0x03
0x555573c0:	0x74	0xd8	0x01	0x00	0x14	0x00	0x00	0x00
0x555573c8:	0x00	0x00	0x00	0x00	0x01	0x7a	0x52	0x00
0x555573d0:	0x01	0x7c	0x08	0x01	0x1b	0x0c	0x04	0x04
0x555573d8:	0x88	0x01	0x00	0x00	0x24	0x00	0x00	0x00
0x555573e0:	0x1c	0x00	0x00	0x00	0x6c	0x07	0x00	0x00
0x555573e8:	0x14	0x00	0x00	0x00	0x00	0x41	0x0e	0x08
0x555573f0:	0x41	0x0e	0x0c	0x41	0x0e	0x10	0x85	0x04
0x555573f8:	0x4e	0x0e	0x0c	0xc5	0x41	0x0e	0x08	0x41
0x55557400:	0x0e	0x04	0x00	0x00	0x0e	0x00	0x00	0x00
0x55557408:	0x71	0x00	0x00	0x00	0x04	0x00	0x00	0x00
0x55557410:	0xb4	0x00	0x00	0x00	0x05	0x00	0x00	0x00
0x55557418:	0x7c	0x01	0x00	0x00	0x06	0x00	0x00	0x00
0x55557420:	0xec	0x00	0x00	0x00	0x0a	0x00	0x00	0x00
0x55557428:	0x95	0x00	0x00	0x00	0x0b	0x00	0x00	0x00
0x55557430:	0x10	0x00	0x00	0x00	0xfc	0xff	0xff	0x6f
0x55557438:	0x24	0x02	0x00	0x00	0xfd	0xff	0xff	0x6f
0x55557440:	0x03	0x00	0x00	0x00	0xf0	0xff	0xff	0x6f
0x55557448:	0x12	0x02	0x00	0x00	0x00	0x00	0x00	0x00
0x55557450:	0x00	0x00	0x00	0x00	0x00	0x00	0x00	0x00
0x55557458:	0x00	0x00	0x00	0x00	0x00	0x00	0x00	0x00
0x55557460:	0x00	0x00	0x00	0x00	0x00	0x00	0x00	0x00
0x55557468:	0x00	0x00	0x00	0x00	0x00	0x00	0x00	0x00
0x55557470:	0x00	0x00	0x00	0x00	0x00	0x00	0x00	0x00
0x55557478:	0x00	0x00	0x00	0x00	0x04	0x04	0x00	0x00
0x55557480:	0x00	0x00	0x00	0x00	0x00	0x00	0x00	0x00
0x55557488:	0x8f	0x00	0x00	0x00	0x14	0x00	0x00	0x00
0x55557490:	0x71	0x00	0x03	0x03	0x86	0x00	0x00	0x00
0x55557498:	0x0b	0x00	0x00	0x00	0x72	0x00	0x03	0x03
0x555574a0:	0x0f	0xae	0xf0	0x0f	0xae	0xe8	0x00	0x00
0x555574a8:	0x00	0x00	0x00	0x00	0x00	0x00	0x00	0x00
0x555574b0:	0x00	0x00	0x00	0x00	0x00	0x00	0x00	0x00
0x555574b8:	0x00	0x00	0x00	0x00	0x00	0x00	0x00	0x00
0x555574c0:	0x00	0x00	0x00	0x00	0x00	0x00	0x00	0x00
0x555574c8:	0x00	0x00	0x00	0x00	0x00	0x00	0x00	0x00
0x555574d0:	0x00	0x00	0x00	0x00	0x00	0x00	0x00	0x00
0x555574d8:	0x00	0x00	0x00	0x00	0x00	0x00	0x00	0x00
0x555574e0:	0x00	0x00	0x00	0x00	0x00	0x00	0x00	0x00
0x555574e8:	0x00	0x00	0x00	0x00	0x00	0x00	0x00	0x00
0x555574f0:	0x00	0x00	0x00	0x00	0x00	0x00	0x00	0x00
0x555574f8:	0x00	0x00	0x00	0x00	0x00	0x00	0x00	0x00
0x55557500:	0x55	0x89	0xe5	0x83	0xec	0x10	0x89	0x5d
0x55557508:	0xf8	0x89	0x75	0xfc	0xe8	0x1b	0x06	0x00
0x55557510:	0x00	0x81	0xc3	0x6b	0xff	0xff	0xff	0x8d
0x55557518:	0x76	0x00	0x0f	0xae	0xe8	0x0f	0x31	0x89
0x55557520:	0x55	0xf4	0x8b	0x8b	0x10	0xec	0xff	0xff
0x55557528:	0x8b	0x55	0xf4	0x89	0x45	0xf0	0x8b	0xb3
0x55557530:	0x0c	0xec	0xff	0xff	0x8b	0x45	0xf0	0x39
0x55557538:	0xd1	0x72	0x0d	0x76	0x1b	0x89	0xf0	0x89
0x55557540:	0xca	0x8d	0xb4	0x26	0x00	0x00	0x00	0x00
0x55557548:	0x8b	0x5d	0xf8	0x8b	0x75	0xfc	0x89	0xec
0x55557550:	0x5d	0xc3	0x8d	0xb6	0x00	0x00	0x00	0x00
0x55557558:	0x39	0xc6	0x77	0xe1	0x8b	0x5d	0xf8	0x8b
0x55557560:	0x75	0xfc	0x89	0xec	0x5d	0xc3	0x8d	0x76
0x55557568:	0x00	0x8d	0xbc	0x27	0x00	0x00	0x00	0x00
0x55557570 <__vdso_clock_gettime>:	0x55	0x89	0xe5	0x57	0x56	0x53	0x83	0xec
0x55557578 <__vdso_clock_gettime+8>:	0x3c	0x8b	0x75	0x0c	0xe8	0xab	0x05	0x00
0x55557580 <__vdso_clock_gettime+16>:	0x00	0x81	0xc3	0xfb	0xfe	0xff	0xff	0x83
0x55557588 <__vdso_clock_gettime+24>:	0x7d	0x08	0x01	0x74	0x73	0x0f	0x8e	0x55
0x55557590 <__vdso_clock_gettime+32>:	0x01	0x00	0x00	0x83	0x7d	0x08	0x05	0x8d
0x55557598 <__vdso_clock_gettime+40>:	0x3d	0x04	0xec	0xff	0xff	0x8d	0x0d	0x44
0x555575a0 <__vdso_clock_gettime+48>:	0xec	0xff	0xff	0x8d	0x15	0x4c	0xec	0xff
0x555575a8 <__vdso_clock_gettime+56>:	0xff	0x74	0x2d	0x83	0x7d	0x08	0x06	0x0f
0x555575b0 <__vdso_clock_gettime+64>:	0x84	0x2b	0x02	0x00	0x00	0x89	0xf1	0xb8
0x555575b8 <__vdso_clock_gettime+72>:	0x09	0x01	0x00	0x00	0x89	0xda	0x8b	0x5d
0x555575c0 <__vdso_clock_gettime+80>:	0x08	0xe8	0x8a	0x05	0x00	0x00	0x89	0xd3
0x555575c8 <__vdso_clock_gettime+88>:	0x83	0xc4	0x3c	0x5b	0x5e	0x5f	0x5d	0xc3
0x555575d0 <__vdso_clock_gettime+96>:	0xf3	0x90	0x8d	0xb6	0x00	0x00	0x00	0x00
0x555575d8 <__vdso_clock_gettime+104>:	0x8b	0x04	0x1f	0xa8	0x01	0x89	0x45	0xec
0x555575e0 <__vdso_clock_gettime+112>:	0x75	0xee	0x8b	0x04	0x19	0x89	0x06	0x8b
0x555575e8 <__vdso_clock_gettime+120>:	0x04	0x1a	0x89	0x46	0x04	0x8b	0x45	0xec
0x555575f0 <__vdso_clock_gettime+128>:	0x3b	0x04	0x1f	0x75	0xe3	0x31	0xc0	0x83
0x555575f8 <__vdso_clock_gettime+136>:	0xc4	0x3c	0x5b	0x5e	0x5f	0x5d	0xc3	0x90
0x55557600 <__vdso_clock_gettime+144>:	0x8d	0x05	0x08	0xec	0xff	0xff	0x89	0x45
0x55557608 <__vdso_clock_gettime+152>:	0xec	0x8d	0x15	0x20	0xec	0xff	0xff	0x8d
0x55557610 <__vdso_clock_gettime+160>:	0x0d	0x34	0xec	0xff	0xff	0x8d	0x05	0x3c
0x55557618 <__vdso_clock_gettime+168>:	0xec	0xff	0xff	0x8d	0x3d	0x04	0xec	0xff
0x55557620 <__vdso_clock_gettime+176>:	0xff	0x89	0x55	0xe0	0x89	0x4d	0xe4	0x89
0x55557628 <__vdso_clock_gettime+184>:	0x45	0xd8	0x8b	0x04	0x1f	0xa8	0x01	0x89
0x55557630 <__vdso_clock_gettime+192>:	0x45	0xe8	0x0f	0x85	0x9e	0x02	0x00	0x00
0x55557638 <__vdso_clock_gettime+200>:	0x8b	0x55	0xec	0x8b	0x4d	0xe4	0x8b	0x14
0x55557640 <__vdso_clock_gettime+208>:	0x1a	0x8b	0x04	0x19	0x89	0x55	0xd4	0x8b
0x55557648 <__vdso_clock_gettime+216>:	0x55	0xd8	0x89	0x06	0x8b	0x04	0x1a	0x8b
0x55557650 <__vdso_clock_gettime+224>:	0x54	0x1a	0x04	0x89	0x45	0xc8	0x8b	0x45
0x55557658 <__vdso_clock_gettime+232>:	0xec	0x89	0x55	0xcc	0x8b	0x0c	0x18	0x83
0x55557660 <__vdso_clock_gettime+240>:	0xf9	0x01	0x0f	0x84	0xb8	0x01	0x00	0x00
0x55557668 <__vdso_clock_gettime+248>:	0x83	0xf9	0x02	0x0f	0x84	0xe7	0x01	0x00
0x55557670 <__vdso_clock_gettime+256>:	0x00	0x31	0xc0	0x31	0xd2	0x83	0xf9	0x03
0x55557678 <__vdso_clock_gettime+264>:	0x0f	0x84	0x3a	0x02	0x00	0x00	0x8b	0x4d
0x55557680 <__vdso_clock_gettime+272>:	0xe0	0x03	0x45	0xc8	0x13	0x55	0xcc	0x8b
0x55557688 <__vdso_clock_gettime+280>:	0x0c	0x19	0x0f	0xad	0xd0	0xd3	0xea	0xf6
0x55557690 <__vdso_clock_gettime+288>:	0xc1	0x20	0x74	0x04	0x89	0xd0	0x31	0xd2
0x55557698 <__vdso_clock_gettime+296>:	0x8b	0x4d	0xe8	0x3b	0x0c	0x1f	0x75	0x8a
0x555576a0 <__vdso_clock_gettime+304>:	0x83	0xfa	0x00	0x8b	0x3e	0x89	0x45	0xec
0x555576a8 <__vdso_clock_gettime+312>:	0x77	0x09	0x31	0xc9	0x3d	0xff	0xc9	0x9a
0x555576b0 <__vdso_clock_gettime+320>:	0x3b	0x76	0x1c	0x31	0xc9	0x8d	0x76	0x00
0x555576b8 <__vdso_clock_gettime+328>:	0x05	0x00	0x36	0x65	0xc4	0x83	0xd2	0xff
0x555576c0 <__vdso_clock_gettime+336>:	0x83	0xc1	0x01	0x83	0xfa	0x00	0x77	0xf0
0x555576c8 <__vdso_clock_gettime+344>:	0x3d	0xff	0xc9	0x9a	0x3b	0x77	0xe9	0x89
0x555576d0 <__vdso_clock_gettime+352>:	0x46	0x04	0x8b	0x45	0xd4	0x01	0xf9	0x89
0x555576d8 <__vdso_clock_gettime+360>:	0x0e	0x85	0xc0	0x0f	0x84	0xd4	0xfe	0xff
0x555576e0 <__vdso_clock_gettime+368>:	0xff	0x31	0xc0	0xe9	0x0f	0xff	0xff	0xff
0x555576e8 <__vdso_clock_gettime+376>:	0x8d	0x05	0x24	0xec	0xff	0xff	0x89	0x45
0x555576f0 <__vdso_clock_gettime+384>:	0xc8	0x8b	0x45	0x08	0x8d	0x15	0x08	0xec
0x555576f8 <__vdso_clock_gettime+392>:	0xff	0xff	0x89	0x55	0xec	0x8d	0x0d	0x2c
0x55557700 <__vdso_clock_gettime+400>:	0xec	0xff	0xff	0x8d	0x15	0x20	0xec	0xff
0x55557708 <__vdso_clock_gettime+408>:	0xff	0x8d	0x3d	0x04	0xec	0xff	0xff	0x85
0x55557710 <__vdso_clock_gettime+416>:	0xc0	0x89	0x4d	0xd4	0x89	0x55	0xe0	0x0f
0x55557718 <__vdso_clock_gettime+424>:	0x85	0x98	0xfe	0xff	0xff	0x8b	0x0c	0x1f
0x55557720 <__vdso_clock_gettime+432>:	0x89	0x4d	0xe8	0x83	0xe1	0x01	0x0f	0x85
0x55557728 <__vdso_clock_gettime+440>:	0xa3	0x01	0x00	0x00	0x8b	0x45	0xec	0x8b
0x55557730 <__vdso_clock_gettime+448>:	0x55	0xd4	0x8b	0x04	0x18	0x89	0x45	0xe4
0x55557738 <__vdso_clock_gettime+456>:	0x8b	0x04	0x1a	0x8b	0x55	0xc8	0x89	0x06
0x55557740 <__vdso_clock_gettime+464>:	0x8b	0x04	0x1a	0x8b	0x54	0x1a	0x04	0x89
0x55557748 <__vdso_clock_gettime+472>:	0x45	0xd8	0x8b	0x45	0xec	0x89	0x55	0xdc
0x55557750 <__vdso_clock_gettime+480>:	0x8b	0x0c	0x18	0x83	0xf9	0x01	0x0f	0x84
0x55557758 <__vdso_clock_gettime+488>:	0x6c	0x01	0x00	0x00	0x83	0xf9	0x02	0x0f
0x55557760 <__vdso_clock_gettime+496>:	0x84	0x03	0x01	0x00	0x00	0x31	0xc0	0x31
0x55557768 <__vdso_clock_gettime+504>:	0xd2	0x83	0xf9	0x03	0x0f	0x84	0x36	0x01
0x55557770 <__vdso_clock_gettime+512>:	0x00	0x00	0x8b	0x4d	0xe0	0x03	0x45	0xd8
0x55557778 <__vdso_clock_gettime+520>:	0x13	0x55	0xdc	0x8b	0x0c	0x19	0x0f	0xad
0x55557780 <__vdso_clock_gettime+528>:	0xd0	0xd3	0xea	0xf6	0xc1	0x20	0x74	0x04
0x55557788 <__vdso_clock_gettime+536>:	0x89	0xd0	0x31	0xd2	0x8b	0x4d	0xe8	0x3b
0x55557790 <__vdso_clock_gettime+544>:	0x0c	0x1f	0x75	0x89	0x83	0xfa	0x00	0x8b
0x55557798 <__vdso_clock_gettime+552>:	0x3e	0x89	0x45	0xec	0x77	0x09	0x31	0xc9
0x555577a0 <__vdso_clock_gettime+560>:	0x3d	0xff	0xc9	0x9a	0x3b	0x76	0x20	0x31
0x555577a8 <__vdso_clock_gettime+568>:	0xc9	0x8d	0xb4	0x26	0x00	0x00	0x00	0x00
0x555577b0 <__vdso_clock_gettime+576>:	0x05	0x00	0x36	0x65	0xc4	0x83	0xd2	0xff
0x555577b8 <__vdso_clock_gettime+584>:	0x83	0xc1	0x01	0x83	0xfa	0x00	0x77	0xf0
0x555577c0 <__vdso_clock_gettime+592>:	0x3d	0xff	0xc9	0x9a	0x3b	0x77	0xe9	0x89
0x555577c8 <__vdso_clock_gettime+600>:	0x46	0x04	0x8b	0x45	0xe4	0x01	0xf9	0x89
0x555577d0 <__vdso_clock_gettime+608>:	0x0e	0x85	0xc0	0x0f	0x84	0xdc	0xfd	0xff
0x555577d8 <__vdso_clock_gettime+616>:	0xff	0x31	0xc0	0xe9	0x17	0xfe	0xff	0xff
0x555577e0 <__vdso_clock_gettime+624>:	0x8d	0x15	0x5c	0xec	0xff	0xff	0x8d	0x3d
0x555577e8 <__vdso_clock_gettime+632>:	0x04	0xec	0xff	0xff	0x8d	0x0d	0x54	0xec
0x555577f0 <__vdso_clock_gettime+640>:	0xff	0xff	0x89	0x55	0xec	0x8b	0x04	0x1f
0x555577f8 <__vdso_clock_gettime+648>:	0xa8	0x01	0x0f	0x85	0xe5	0x00	0x00	0x00
0x55557800 <__vdso_clock_gettime+656>:	0x8b	0x14	0x19	0x89	0x16	0x8b	0x55	0xec
0x55557808 <__vdso_clock_gettime+664>:	0x8b	0x14	0x1a	0x89	0x56	0x04	0x3b	0x04
0x55557810 <__vdso_clock_gettime+672>:	0x1f	0x75	0xe2	0x31	0xc0	0xe9	0xdd	0xfd
0x55557818 <__vdso_clock_gettime+680>:	0xff	0xff	0x8d	0xb6	0x00	0x00	0x00	0x00
0x55557820 <__vdso_clock_gettime+688>:	0xe8	0xdb	0xfc	0xff	0xff	0x8b	0x8b	0x14
0x55557828 <__vdso_clock_gettime+696>:	0xec	0xff	0xff	0x2b	0x83	0x0c	0xec	0xff
0x55557830 <__vdso_clock_gettime+704>:	0xff	0x1b	0x93	0x10	0xec	0xff	0xff	0x21
0x55557838 <__vdso_clock_gettime+712>:	0xc1	0x8b	0x83	0x1c	0xec	0xff	0xff	0x89
0x55557840 <__vdso_clock_gettime+720>:	0x4d	0xd0	0x8b	0x8b	0x18	0xec	0xff	0xff
0x55557848 <__vdso_clock_gettime+728>:	0x21	0xd1	0x0f	0xaf	0xc8	0xf7	0x65	0xd0
0x55557850 <__vdso_clock_gettime+736>:	0x01	0xca	0xe9	0x27	0xfe	0xff	0xff	0x90
0x55557858 <__vdso_clock_gettime+744>:	0x8b	0x83	0x74	0xdc	0xff	0xff	0x31	0xd2
0x55557860 <__vdso_clock_gettime+752>:	0xeb	0xc3	0x8d	0xb6	0x00	0x00	0x00	0x00
0x55557868 <__vdso_clock_gettime+760>:	0x8b	0x83	0x74	0xdc	0xff	0xff	0x31	0xd2
0x55557870 <__vdso_clock_gettime+768>:	0x8b	0x8b	0x14	0xec	0xff	0xff	0x2b	0x83
0x55557878 <__vdso_clock_gettime+776>:	0x0c	0xec	0xff	0xff	0x1b	0x93	0x10	0xec
0x55557880 <__vdso_clock_gettime+784>:	0xff	0xff	0x21	0xc1	0x8b	0x83	0x1c	0xec
0x55557888 <__vdso_clock_gettime+792>:	0xff	0xff	0x89	0x4d	0xd0	0x8b	0x8b	0x18
0x55557890 <__vdso_clock_gettime+800>:	0xec	0xff	0xff	0x21	0xd1	0x0f	0xaf	0xc8
0x55557898 <__vdso_clock_gettime+808>:	0xf7	0x65	0xd0	0x01	0xca	0xe9	0xd0	0xfe
0x555578a0 <__vdso_clock_gettime+816>:	0xff	0xff	0x8d	0xb6	0x00	0x00	0x00	0x00
0x555578a8 <__vdso_clock_gettime+824>:	0xc7	0x45	0xe4	0x00	0x00	0x00	0x00	0xeb
0x555578b0 <__vdso_clock_gettime+832>:	0xbf	0x8d	0xb4	0x26	0x00	0x00	0x00	0x00
0x555578b8 <__vdso_clock_gettime+840>:	0xc7	0x45	0xd4	0x00	0x00	0x00	0x00	0xe9
0x555578c0 <__vdso_clock_gettime+848>:	0x61	0xff	0xff	0xff	0x8d	0x74	0x26	0x00
0x555578c8 <__vdso_clock_gettime+856>:	0xe8	0x33	0xfc	0xff	0xff	0xeb	0xa1	0xf3
0x555578d0 <__vdso_clock_gettime+864>:	0x90	0xe9	0x47	0xfe	0xff	0xff	0xf3	0x90
0x555578d8 <__vdso_clock_gettime+872>:	0x90	0x8d	0xb4	0x26	0x00	0x00	0x00	0x00
0x555578e0 <__vdso_clock_gettime+880>:	0xe9	0x45	0xfd	0xff	0xff	0xf3	0x90	0x89
0x555578e8 <__vdso_clock_gettime+888>:	0xf6	0x8d	0xbc	0x27	0x00	0x00	0x00	0x00
0x555578f0 <__vdso_clock_gettime+896>:	0xe9	0x00	0xff	0xff	0xff	0x8d	0x74	0x26
0x555578f8:	0x00	0x8d	0xbc	0x27	0x00	0x00	0x00	0x00
0x55557900 <__vdso_gettimeofday>:	0x55	0x89	0xe5	0x57	0x56	0x53	0x83	0xec
0x55557908 <__vdso_gettimeofday+8>:	0x2c	0x8b	0x7d	0x08	0xe8	0x1b	0x02	0x00
0x55557910 <__vdso_gettimeofday+16>:	0x00	0x81	0xc3	0x6b	0xfb	0xff	0xff	0x85
0x55557918 <__vdso_gettimeofday+24>:	0xff	0x0f	0x84	0xe7	0x00	0x00	0x00	0x8b
0x55557920 <__vdso_gettimeofday+32>:	0x83	0x04	0xec	0xff	0xff	0x8d	0x15	0x04
0x55557928 <__vdso_gettimeofday+40>:	0xec	0xff	0xff	0x89	0x55	0xe4	0x8d	0x0d
0x55557930 <__vdso_gettimeofday+48>:	0x2c	0xec	0xff	0xff	0x8d	0x15	0x20	0xec
0x55557938 <__vdso_gettimeofday+56>:	0xff	0xff	0x8d	0x35	0x08	0xec	0xff	0xff
0x55557940 <__vdso_gettimeofday+64>:	0x89	0x45	0xec	0x8d	0x05	0x24	0xec	0xff
0x55557948 <__vdso_gettimeofday+72>:	0xff	0x89	0x4d	0xd0	0x89	0x45	0xd4	0x89
0x55557950 <__vdso_gettimeofday+80>:	0x55	0xe0	0xf6	0x45	0xec	0x01	0x0f	0x85
0x55557958 <__vdso_gettimeofday+88>:	0x43	0x01	0x00	0x00	0x8b	0x4d	0xd0	0x8b
0x55557960 <__vdso_gettimeofday+96>:	0x14	0x1e	0x8b	0x04	0x19	0x89	0x55	0xe8
0x55557968 <__vdso_gettimeofday+104>:	0x8b	0x55	0xd4	0x89	0x07	0x8b	0x0c	0x1e
0x55557970 <__vdso_gettimeofday+112>:	0x8b	0x04	0x1a	0x8b	0x54	0x1a	0x04	0x83
0x55557978 <__vdso_gettimeofday+120>:	0xf9	0x01	0x89	0x45	0xd8	0x89	0x55	0xdc
0x55557980 <__vdso_gettimeofday+128>:	0x0f	0x84	0x12	0x01	0x00	0x00	0x83	0xf9
0x55557988 <__vdso_gettimeofday+136>:	0x02	0x0f	0x84	0xb9	0x00	0x00	0x00	0x31
0x55557990 <__vdso_gettimeofday+144>:	0xc0	0x31	0xd2	0x83	0xf9	0x03	0x0f	0x84
0x55557998 <__vdso_gettimeofday+152>:	0xec	0x00	0x00	0x00	0x8b	0x4d	0xe0	0x03
0x555579a0 <__vdso_gettimeofday+160>:	0x45	0xd8	0x13	0x55	0xdc	0x8b	0x0c	0x19
0x555579a8 <__vdso_gettimeofday+168>:	0x0f	0xad	0xd0	0xd3	0xea	0xf6	0xc1	0x20
0x555579b0 <__vdso_gettimeofday+176>:	0x74	0x04	0x89	0xd0	0x31	0xd2	0x8b	0x4d
0x555579b8 <__vdso_gettimeofday+184>:	0xe4	0x8b	0x0c	0x19	0x89	0x4d	0xd8	0x8b
0x555579c0 <__vdso_gettimeofday+192>:	0x4d	0xec	0x39	0x4d	0xd8	0x0f	0x85	0xdf
0x555579c8 <__vdso_gettimeofday+200>:	0x00	0x00	0x00	0x83	0xfa	0x00	0x8b	0x37
0x555579d0 <__vdso_gettimeofday+208>:	0x89	0x45	0xec	0x77	0x4b	0x31	0xc9	0x3d
0x555579d8 <__vdso_gettimeofday+216>:	0xff	0xc9	0x9a	0x3b	0x77	0x42	0x66	0x90
0x555579e0 <__vdso_gettimeofday+224>:	0x01	0xf1	0x8b	0x75	0xe8	0x89	0x0f	0x89
0x555579e8 <__vdso_gettimeofday+232>:	0xc1	0x89	0x47	0x04	0x85	0xf6	0x0f	0x84
0x555579f0 <__vdso_gettimeofday+240>:	0xc1	0x00	0x00	0x00	0xba	0xd3	0x4d	0x62
0x555579f8 <__vdso_gettimeofday+248>:	0x10	0xf7	0xea	0xc1	0xf9	0x1f	0xc1	0xfa
0x55557a00 <__vdso_gettimeofday+256>:	0x06	0x29	0xca	0x89	0x57	0x04	0x8b	0x55
0x55557a08 <__vdso_gettimeofday+264>:	0x0c	0x85	0xd2	0x0f	0x85	0xbc	0x00	0x00
0x55557a10 <__vdso_gettimeofday+272>:	0x00	0x31	0xc0	0x83	0xc4	0x2c	0x5b	0x5e
0x55557a18 <__vdso_gettimeofday+280>:	0x5f	0x5d	0xc3	0x90	0x8d	0x74	0x26	0x00
0x55557a20 <__vdso_gettimeofday+288>:	0x31	0xc9	0x8d	0xb6	0x00	0x00	0x00	0x00
0x55557a28 <__vdso_gettimeofday+296>:	0x05	0x00	0x36	0x65	0xc4	0x83	0xd2	0xff
0x55557a30 <__vdso_gettimeofday+304>:	0x83	0xc1	0x01	0x83	0xfa	0x00	0x77	0xf0
0x55557a38 <__vdso_gettimeofday+312>:	0x3d	0xff	0xc9	0x9a	0x3b	0x77	0xe9	0xeb
0x55557a40 <__vdso_gettimeofday+320>:	0x9f	0x8d	0xb4	0x26	0x00	0x00	0x00	0x00
0x55557a48 <__vdso_gettimeofday+328>:	0x8b	0x83	0x74	0xdc	0xff	0xff	0x31	0xd2
0x55557a50 <__vdso_gettimeofday+336>:	0x8b	0x8b	0x14	0xec	0xff	0xff	0x2b	0x83
0x55557a58 <__vdso_gettimeofday+344>:	0x0c	0xec	0xff	0xff	0x1b	0x93	0x10	0xec
0x55557a60 <__vdso_gettimeofday+352>:	0xff	0xff	0x21	0xc1	0x8b	0x83	0x1c	0xec
0x55557a68 <__vdso_gettimeofday+360>:	0xff	0xff	0x89	0x4d	0xcc	0x8b	0x8b	0x18
0x55557a70 <__vdso_gettimeofday+368>:	0xec	0xff	0xff	0x21	0xd1	0x0f	0xaf	0xc8
0x55557a78 <__vdso_gettimeofday+376>:	0xf7	0x65	0xcc	0x01	0xca	0xe9	0x1a	0xff
0x55557a80 <__vdso_gettimeofday+384>:	0xff	0xff	0x8d	0xb6	0x00	0x00	0x00	0x00
0x55557a88 <__vdso_gettimeofday+392>:	0xc7	0x45	0xe8	0x00	0x00	0x00	0x00	0xeb
0x55557a90 <__vdso_gettimeofday+400>:	0xbf	0x8d	0xb4	0x26	0x00	0x00	0x00	0x00
0x55557a98 <__vdso_gettimeofday+408>:	0xe8	0x63	0xfa	0xff	0xff	0xeb	0xb1	0xf3
0x55557aa0 <__vdso_gettimeofday+416>:	0x90	0x8b	0x45	0xe4	0x8b	0x04	0x18	0x89
0x55557aa8 <__vdso_gettimeofday+424>:	0x45	0xd8	0x8b	0x4d	0xd8	0x89	0x4d	0xec
0x55557ab0 <__vdso_gettimeofday+432>:	0xe9	0x9d	0xfe	0xff	0xff	0xb8	0x4e	0x00
0x55557ab8 <__vdso_gettimeofday+440>:	0x00	0x00	0x8b	0x4d	0x0c	0x89	0xda	0x89
0x55557ac0 <__vdso_gettimeofday+448>:	0xfb	0xe8	0x8a	0x00	0x00	0x00	0x89	0xd3
0x55557ac8 <__vdso_gettimeofday+456>:	0xe9	0x46	0xff	0xff	0xff	0x8b	0x83	0x64
0x55557ad0 <__vdso_gettimeofday+464>:	0xec	0xff	0xff	0x8b	0x4d	0x0c	0x89	0x01
0x55557ad8 <__vdso_gettimeofday+472>:	0x8b	0x83	0x68	0xec	0xff	0xff	0x89	0x41
0x55557ae0 <__vdso_gettimeofday+480>:	0x04	0x31	0xc0	0xe9	0x2b	0xff	0xff	0xff
0x55557ae8:	0x90	0x8d	0xb4	0x26	0x00	0x00	0x00	0x00
0x55557af0 <__vdso_time>:	0xe8	0x33	0x00	0x00	0x00	0x81	0xc1	0x87
0x55557af8 <__vdso_time+8>:	0xf9	0xff	0xff	0x55	0x89	0xe5	0x83	0xec
0x55557b00 <__vdso_time+16>:	0x08	0x8b	0x55	0x08	0x89	0x75	0xf8	0x89
0x55557b08 <__vdso_time+24>:	0x7d	0xfc	0x8b	0xb1	0x2c	0xec	0xff	0xff
0x55557b10 <__vdso_time+32>:	0x85	0xd2	0x8b	0xb9	0x30	0xec	0xff	0xff
0x55557b18 <__vdso_time+40>:	0x89	0xf0	0x74	0x02	0x89	0x32	0x8b	0x75
0x55557b20 <__vdso_time+48>:	0xf8	0x8b	0x7d	0xfc	0x89	0xec	0x5d	0xc3
0x55557b28:	0x8b	0x0c	0x24	0xc3	0x8b	0x1c	0x24	0xc3
0x55557b30 <__kernel_sigreturn>:	0x58	0xb8	0x77	0x00	0x00	0x00	0xcd	0x80
0x55557b38 <__kernel_sigreturn+8>:	0x90	0x8d	0xb4	0x26	0x00	0x00	0x00	0x00
0x55557b40 <__kernel_rt_sigreturn>:	0xb8	0xad	0x00	0x00	0x00	0xcd	0x80	0x90
0x55557b48:	0x90	0x8d	0xb4	0x26	0x00	0x00	0x00	0x00
0x55557b50 <__kernel_vsyscall>:	0x51	0x52	0x55	0x89	0xe5	0x0f	0x34	0x90
0x55557b58 <__kernel_vsyscall+8>:	0x90	0x90	0x90	0x90	0x90	0x90	0xcd	0x80
0x55557b60 <__kernel_vsyscall+16>:	0x5d	0x5a	0x59	0xc3	0x47	0x43	0x43	0x3a
0x55557b68:	0x20	0x28	0x55	0x62	0x75	0x6e	0x74	0x75
0x55557b70:	0x2f	0x4c	0x69	0x6e	0x61	0x72	0x6f	0x20
0x55557b78:	0x34	0x2e	0x36	0x2e	0x33	0x2d	0x31	0x75
0x55557b80:	0x62	0x75	0x6e	0x74	0x75	0x35	0x29	0x20
0x55557b88:	0x34	0x2e	0x36	0x2e	0x33	0x00	0x00	0x2e
0x55557b90:	0x73	0x68	0x73	0x74	0x72	0x74	0x61	0x62
0x55557b98:	0x00	0x2e	0x68	0x61	0x73	0x68	0x00	0x2e
0x55557ba0:	0x64	0x79	0x6e	0x73	0x79	0x6d	0x00	0x2e
0x55557ba8:	0x64	0x79	0x6e	0x73	0x74	0x72	0x00	0x2e
0x55557bb0:	0x67	0x6e	0x75	0x2e	0x76	0x65	0x72	0x73
0x55557bb8:	0x69	0x6f	0x6e	0x00	0x2e	0x67	0x6e	0x75
0x55557bc0:	0x2e	0x76	0x65	0x72	0x73	0x69	0x6f	0x6e
0x55557bc8:	0x5f	0x64	0x00	0x2e	0x6e	0x6f	0x74	0x65
0x55557bd0:	0x00	0x2e	0x65	0x68	0x5f	0x66	0x72	0x61
0x55557bd8:	0x6d	0x65	0x5f	0x68	0x64	0x72	0x00	0x2e
0x55557be0:	0x65	0x68	0x5f	0x66	0x72	0x61	0x6d	0x65
0x55557be8:	0x00	0x2e	0x64	0x79	0x6e	0x61	0x6d	0x69
0x55557bf0:	0x63	0x00	0x2e	0x64	0x61	0x74	0x61	0x00
0x55557bf8:	0x2e	0x61	0x6c	0x74	0x69	0x6e	0x73	0x74
0x55557c00:	0x72	0x75	0x63	0x74	0x69	0x6f	0x6e	0x73
0x55557c08:	0x00	0x2e	0x61	0x6c	0x74	0x69	0x6e	0x73
0x55557c10:	0x74	0x72	0x5f	0x72	0x65	0x70	0x6c	0x61
0x55557c18:	0x63	0x65	0x6d	0x65	0x6e	0x74	0x00	0x2e
0x55557c20:	0x74	0x65	0x78	0x74	0x00	0x2e	0x63	0x6f
0x55557c28:	0x6d	0x6d	0x65	0x6e	0x74	0x00	0x00	0x00
0x55557c30:	0x00	0x00	0x00	0x00	0x00	0x00	0x00	0x00
0x55557c38:	0x00	0x00	0x00	0x00	0x00	0x00	0x00	0x00
0x55557c40:	0x00	0x00	0x00	0x00	0x00	0x00	0x00	0x00
0x55557c48:	0x00	0x00	0x00	0x00	0x00	0x00	0x00	0x00
0x55557c50:	0x00	0x00	0x00	0x00	0x00	0x00	0x00	0x00
0x55557c58:	0x0b	0x00	0x00	0x00	0x05	0x00	0x00	0x00
0x55557c60:	0x02	0x00	0x00	0x00	0xb4	0x00	0x00	0x00
0x55557c68:	0xb4	0x00	0x00	0x00	0x38	0x00	0x00	0x00
0x55557c70:	0x02	0x00	0x00	0x00	0x00	0x00	0x00	0x00
0x55557c78:	0x04	0x00	0x00	0x00	0x04	0x00	0x00	0x00
0x55557c80:	0x11	0x00	0x00	0x00	0x0b	0x00	0x00	0x00
0x55557c88:	0x02	0x00	0x00	0x00	0xec	0x00	0x00	0x00
0x55557c90:	0xec	0x00	0x00	0x00	0x90	0x00	0x00	0x00
0x55557c98:	0x03	0x00	0x00	0x00	0x01	0x00	0x00	0x00
0x55557ca0:	0x04	0x00	0x00	0x00	0x10	0x00	0x00	0x00
0x55557ca8:	0x19	0x00	0x00	0x00	0x03	0x00	0x00	0x00
0x55557cb0:	0x02	0x00	0x00	0x00	0x7c	0x01	0x00	0x00
0x55557cb8:	0x7c	0x01	0x00	0x00	0x95	0x00	0x00	0x00
0x55557cc0:	0x00	0x00	0x00	0x00	0x00	0x00	0x00	0x00
0x55557cc8:	0x01	0x00	0x00	0x00	0x00	0x00	0x00	0x00
0x55557cd0:	0x21	0x00	0x00	0x00	0xff	0xff	0xff	0x6f
0x55557cd8:	0x02	0x00	0x00	0x00	0x12	0x02	0x00	0x00
0x55557ce0:	0x12	0x02	0x00	0x00	0x12	0x00	0x00	0x00
0x55557ce8:	0x02	0x00	0x00	0x00	0x00	0x00	0x00	0x00
0x55557cf0:	0x02	0x00	0x00	0x00	0x02	0x00	0x00	0x00
0x55557cf8:	0x2e	0x00	0x00	0x00	0xfd	0xff	0xff	0x6f
0x55557d00:	0x02	0x00	0x00	0x00	0x24	0x02	0x00	0x00
0x55557d08:	0x24	0x02	0x00	0x00	0x54	0x00	0x00	0x00
0x55557d10:	0x03	0x00	0x00	0x00	0x03	0x00	0x00	0x00
0x55557d18:	0x04	0x00	0x00	0x00	0x00	0x00	0x00	0x00
0x55557d20:	0x3d	0x00	0x00	0x00	0x07	0x00	0x00	0x00
0x55557d28:	0x02	0x00	0x00	0x00	0x78	0x02	0x00	0x00
0x55557d30:	0x78	0x02	0x00	0x00	0x60	0x00	0x00	0x00
0x55557d38:	0x00	0x00	0x00	0x00	0x00	0x00	0x00	0x00
0x55557d40:	0x04	0x00	0x00	0x00	0x00	0x00	0x00	0x00
0x55557d48:	0x43	0x00	0x00	0x00	0x01	0x00	0x00	0x00
0x55557d50:	0x02	0x00	0x00	0x00	0xd8	0x02	0x00	0x00
0x55557d58:	0xd8	0x02	0x00	0x00	0x24	0x00	0x00	0x00
0x55557d60:	0x00	0x00	0x00	0x00	0x00	0x00	0x00	0x00
0x55557d68:	0x04	0x00	0x00	0x00	0x00	0x00	0x00	0x00
0x55557d70:	0x51	0x00	0x00	0x00	0x01	0x00	0x00	0x00
0x55557d78:	0x02	0x00	0x00	0x00	0xfc	0x02	0x00	0x00
0x55557d80:	0xfc	0x02	0x00	0x00	0x08	0x01	0x00	0x00
0x55557d88:	0x00	0x00	0x00	0x00	0x00	0x00	0x00	0x00
0x55557d90:	0x04	0x00	0x00	0x00	0x00	0x00	0x00	0x00
0x55557d98:	0x5b	0x00	0x00	0x00	0x06	0x00	0x00	0x00
0x55557da0:	0x03	0x00	0x00	0x00	0x04	0x04	0x00	0x00
0x55557da8:	0x04	0x04	0x00	0x00	0x78	0x00	0x00	0x00
0x55557db0:	0x03	0x00	0x00	0x00	0x00	0x00	0x00	0x00
0x55557db8:	0x04	0x00	0x00	0x00	0x08	0x00	0x00	0x00
0x55557dc0:	0x64	0x00	0x00	0x00	0x01	0x00	0x00	0x00
0x55557dc8:	0x03	0x00	0x00	0x00	0x7c	0x04	0x00	0x00
0x55557dd0:	0x7c	0x04	0x00	0x00	0x0c	0x00	0x00	0x00
0x55557dd8:	0x00	0x00	0x00	0x00	0x00	0x00	0x00	0x00
0x55557de0:	0x04	0x00	0x00	0x00	0x04	0x00	0x00	0x00
0x55557de8:	0x6a	0x00	0x00	0x00	0x01	0x00	0x00	0x00
0x55557df0:	0x02	0x00	0x00	0x00	0x88	0x04	0x00	0x00
0x55557df8:	0x88	0x04	0x00	0x00	0x18	0x00	0x00	0x00
0x55557e00:	0x00	0x00	0x00	0x00	0x00	0x00	0x00	0x00
0x55557e08:	0x01	0x00	0x00	0x00	0x00	0x00	0x00	0x00
0x55557e10:	0x7b	0x00	0x00	0x00	0x01	0x00	0x00	0x00
0x55557e18:	0x06	0x00	0x00	0x00	0xa0	0x04	0x00	0x00
0x55557e20:	0xa0	0x04	0x00	0x00	0x06	0x00	0x00	0x00
0x55557e28:	0x00	0x00	0x00	0x00	0x00	0x00	0x00	0x00
0x55557e30:	0x01	0x00	0x00	0x00	0x00	0x00	0x00	0x00
0x55557e38:	0x91	0x00	0x00	0x00	0x01	0x00	0x00	0x00
0x55557e40:	0x06	0x00	0x00	0x00	0x00	0x05	0x00	0x00
0x55557e48:	0x00	0x05	0x00	0x00	0x64	0x06	0x00	0x00
0x55557e50:	0x00	0x00	0x00	0x00	0x00	0x00	0x00	0x00
0x55557e58:	0x10	0x00	0x00	0x00	0x00	0x00	0x00	0x00
0x55557e60:	0x97	0x00	0x00	0x00	0x01	0x00	0x00	0x00
0x55557e68:	0x30	0x00	0x00	0x00	0x00	0x00	0x00	0x00
0x55557e70:	0x64	0x0b	0x00	0x00	0x2a	0x00	0x00	0x00
0x55557e78:	0x00	0x00	0x00	0x00	0x00	0x00	0x00	0x00
0x55557e80:	0x01	0x00	0x00	0x00	0x01	0x00	0x00	0x00
0x55557e88:	0x01	0x00	0x00	0x00	0x03	0x00	0x00	0x00
0x55557e90:	0x00	0x00	0x00	0x00	0x00	0x00	0x00	0x00
0x55557e98:	0x8e	0x0b	0x00	0x00	0xa0	0x00	0x00	0x00
0x55557ea0:	0x00	0x00	0x00	0x00	0x00	0x00	0x00	0x00
0x55557ea8:	0x01	0x00	0x00	0x00	0x00	0x00	0x00	0x00
0x55557eb0:	0x00	0x00	0x00	0x00	0x00	0x00	0x00	0x00
0x55557eb8:	0x00	0x00	0x00	0x00	0x00	0x00	0x00	0x00
0x55557ec0:	0x00	0x00	0x00	0x00	0x00	0x00	0x00	0x00
0x55557ec8:	0x00	0x00	0x00	0x00	0x00	0x00	0x00	0x00
0x55557ed0:	0x00	0x00	0x00	0x00	0x00	0x00	0x00	0x00
0x55557ed8:	0x00	0x00	0x00	0x00	0x00	0x00	0x00	0x00
0x55557ee0:	0x00	0x00	0x00	0x00	0x00	0x00	0x00	0x00
0x55557ee8:	0x00	0x00	0x00	0x00	0x00	0x00	0x00	0x00
0x55557ef0:	0x00	0x00	0x00	0x00	0x00	0x00	0x00	0x00
0x55557ef8:	0x00	0x00	0x00	0x00	0x00	0x00	0x00	0x00
0x55557f00:	0x00	0x00	0x00	0x00	0x00	0x00	0x00	0x00
0x55557f08:	0x00	0x00	0x00	0x00	0x00	0x00	0x00	0x00
0x55557f10:	0x00	0x00	0x00	0x00	0x00	0x00	0x00	0x00
0x55557f18:	0x00	0x00	0x00	0x00	0x00	0x00	0x00	0x00
0x55557f20:	0x00	0x00	0x00	0x00	0x00	0x00	0x00	0x00
0x55557f28:	0x00	0x00	0x00	0x00	0x00	0x00	0x00	0x00
0x55557f30:	0x00	0x00	0x00	0x00	0x00	0x00	0x00	0x00
0x55557f38:	0x00	0x00	0x00	0x00	0x00	0x00	0x00	0x00
0x55557f40:	0x00	0x00	0x00	0x00	0x00	0x00	0x00	0x00
0x55557f48:	0x00	0x00	0x00	0x00	0x00	0x00	0x00	0x00
0x55557f50:	0x00	0x00	0x00	0x00	0x00	0x00	0x00	0x00
0x55557f58:	0x00	0x00	0x00	0x00	0x00	0x00	0x00	0x00
0x55557f60:	0x00	0x00	0x00	0x00	0x00	0x00	0x00	0x00
0x55557f68:	0x00	0x00	0x00	0x00	0x00	0x00	0x00	0x00
0x55557f70:	0x00	0x00	0x00	0x00	0x00	0x00	0x00	0x00
0x55557f78:	0x00	0x00	0x00	0x00	0x00	0x00	0x00	0x00
0x55557f80:	0x00	0x00	0x00	0x00	0x00	0x00	0x00	0x00
0x55557f88:	0x00	0x00	0x00	0x00	0x00	0x00	0x00	0x00
0x55557f90:	0x00	0x00	0x00	0x00	0x00	0x00	0x00	0x00
0x55557f98:	0x00	0x00	0x00	0x00	0x00	0x00	0x00	0x00
0x55557fa0:	0x00	0x00	0x00	0x00	0x00	0x00	0x00	0x00
0x55557fa8:	0x00	0x00	0x00	0x00	0x00	0x00	0x00	0x00
0x55557fb0:	0x00	0x00	0x00	0x00	0x00	0x00	0x00	0x00
0x55557fb8:	0x00	0x00	0x00	0x00	0x00	0x00	0x00	0x00
0x55557fc0:	0x00	0x00	0x00	0x00	0x00	0x00	0x00	0x00
0x55557fc8:	0x00	0x00	0x00	0x00	0x00	0x00	0x00	0x00
0x55557fd0:	0x00	0x00	0x00	0x00	0x00	0x00	0x00	0x00
0x55557fd8:	0x00	0x00	0x00	0x00	0x00	0x00	0x00	0x00
0x55557fe0:	0x00	0x00	0x00	0x00	0x00	0x00	0x00	0x00
0x55557fe8:	0x00	0x00	0x00	0x00	0x00	0x00	0x00	0x00
0x55557ff0:	0x00	0x00	0x00	0x00	0x00	0x00	0x00	0x00
0x55557ff8:	0x00	0x00	0x00	0x00	0x00	0x00	0x00	0x00